The system is: Linux - 4.8.14-300.fc25.x86_64 - x86_64
Compiling the C compiler identification source file "CMakeCCompilerId.c" succeeded.
Compiler: /usr/lib64/ccache/cc 
Build flags: 
Id flags: 

The output was:
0


Compilation of the C compiler identification source "CMakeCCompilerId.c" produced "a.out"

The C compiler identification is GNU, found in "/users/invites/facchinetti/Documents/Stage/BMW/bin/CMakeFiles/3.6.2/CompilerIdC/a.out"

Compiling the CXX compiler identification source file "CMakeCXXCompilerId.cpp" succeeded.
Compiler: /usr/lib64/ccache/c++ 
Build flags: 
Id flags: 

The output was:
0


Compilation of the CXX compiler identification source "CMakeCXXCompilerId.cpp" produced "a.out"

The CXX compiler identification is GNU, found in "/users/invites/facchinetti/Documents/Stage/BMW/bin/CMakeFiles/3.6.2/CompilerIdCXX/a.out"

Determining if the C compiler works passed with the following output:
Change Dir: /users/invites/facchinetti/Documents/Stage/BMW/bin/CMakeFiles/CMakeTmp

Run Build Command:"/usr/bin/gmake" "cmTC_e8ded/fast"
/usr/bin/gmake -f CMakeFiles/cmTC_e8ded.dir/build.make CMakeFiles/cmTC_e8ded.dir/build
gmake[1] : on entre dans le répertoire « /users/invites/facchinetti/Documents/Stage/BMW/bin/CMakeFiles/CMakeTmp »
Building C object CMakeFiles/cmTC_e8ded.dir/testCCompiler.c.o
/usr/lib64/ccache/cc     -o CMakeFiles/cmTC_e8ded.dir/testCCompiler.c.o   -c /users/invites/facchinetti/Documents/Stage/BMW/bin/CMakeFiles/CMakeTmp/testCCompiler.c
Linking C executable cmTC_e8ded
/usr/bin/cmake -E cmake_link_script CMakeFiles/cmTC_e8ded.dir/link.txt --verbose=1
/usr/lib64/ccache/cc       CMakeFiles/cmTC_e8ded.dir/testCCompiler.c.o  -o cmTC_e8ded -rdynamic 
gmake[1] : on quitte le répertoire « /users/invites/facchinetti/Documents/Stage/BMW/bin/CMakeFiles/CMakeTmp »


Detecting C compiler ABI info compiled with the following output:
Change Dir: /users/invites/facchinetti/Documents/Stage/BMW/bin/CMakeFiles/CMakeTmp

Run Build Command:"/usr/bin/gmake" "cmTC_8809b/fast"
/usr/bin/gmake -f CMakeFiles/cmTC_8809b.dir/build.make CMakeFiles/cmTC_8809b.dir/build
gmake[1] : on entre dans le répertoire « /users/invites/facchinetti/Documents/Stage/BMW/bin/CMakeFiles/CMakeTmp »
Building C object CMakeFiles/cmTC_8809b.dir/CMakeCCompilerABI.c.o
/usr/lib64/ccache/cc     -o CMakeFiles/cmTC_8809b.dir/CMakeCCompilerABI.c.o   -c /usr/share/cmake/Modules/CMakeCCompilerABI.c
Linking C executable cmTC_8809b
/usr/bin/cmake -E cmake_link_script CMakeFiles/cmTC_8809b.dir/link.txt --verbose=1
/usr/lib64/ccache/cc      -v CMakeFiles/cmTC_8809b.dir/CMakeCCompilerABI.c.o  -o cmTC_8809b -rdynamic  
Utilisation des specs internes.
COLLECT_GCC=/usr/bin/cc
COLLECT_LTO_WRAPPER=/usr/libexec/gcc/x86_64-redhat-linux/6.2.1/lto-wrapper
Cible : x86_64-redhat-linux
Configuré avec: ../configure --enable-bootstrap --enable-languages=c,c++,objc,obj-c++,fortran,ada,go,lto --prefix=/usr --mandir=/usr/share/man --infodir=/usr/share/info --with-bugurl=http://bugzilla.redhat.com/bugzilla --enable-shared --enable-threads=posix --enable-checking=release --enable-multilib --with-system-zlib --enable-__cxa_atexit --disable-libunwind-exceptions --enable-gnu-unique-object --enable-linker-build-id --with-linker-hash-style=gnu --enable-plugin --enable-initfini-array --disable-libgcj --with-isl --enable-libmpx --enable-gnu-indirect-function --with-tune=generic --with-arch_32=i686 --build=x86_64-redhat-linux
Modèle de thread: posix
gcc version 6.2.1 20160916 (Red Hat 6.2.1-2) (GCC) 
COMPILER_PATH=/usr/libexec/gcc/x86_64-redhat-linux/6.2.1/:/usr/libexec/gcc/x86_64-redhat-linux/6.2.1/:/usr/libexec/gcc/x86_64-redhat-linux/:/usr/lib/gcc/x86_64-redhat-linux/6.2.1/:/usr/lib/gcc/x86_64-redhat-linux/
LIBRARY_PATH=/usr/lib/gcc/x86_64-redhat-linux/6.2.1/:/usr/lib/gcc/x86_64-redhat-linux/6.2.1/../../../../lib64/:/lib/../lib64/:/usr/lib/../lib64/:/usr/lib/gcc/x86_64-redhat-linux/6.2.1/../../../:/lib/:/usr/lib/
COLLECT_GCC_OPTIONS='-v' '-o' 'cmTC_8809b' '-rdynamic' '-mtune=generic' '-march=x86-64'
 /usr/libexec/gcc/x86_64-redhat-linux/6.2.1/collect2 -plugin /usr/libexec/gcc/x86_64-redhat-linux/6.2.1/liblto_plugin.so -plugin-opt=/usr/libexec/gcc/x86_64-redhat-linux/6.2.1/lto-wrapper -plugin-opt=-fresolution=/tmp/ccNJhNQ9.res -plugin-opt=-pass-through=-lgcc -plugin-opt=-pass-through=-lgcc_s -plugin-opt=-pass-through=-lc -plugin-opt=-pass-through=-lgcc -plugin-opt=-pass-through=-lgcc_s --build-id --no-add-needed --eh-frame-hdr --hash-style=gnu -m elf_x86_64 -export-dynamic -dynamic-linker /lib64/ld-linux-x86-64.so.2 -o cmTC_8809b /usr/lib/gcc/x86_64-redhat-linux/6.2.1/../../../../lib64/crt1.o /usr/lib/gcc/x86_64-redhat-linux/6.2.1/../../../../lib64/crti.o /usr/lib/gcc/x86_64-redhat-linux/6.2.1/crtbegin.o -L/usr/lib/gcc/x86_64-redhat-linux/6.2.1 -L/usr/lib/gcc/x86_64-redhat-linux/6.2.1/../../../../lib64 -L/lib/../lib64 -L/usr/lib/../lib64 -L/usr/lib/gcc/x86_64-redhat-linux/6.2.1/../../.. CMakeFiles/cmTC_8809b.dir/CMakeCCompilerABI.c.o -lgcc --as-needed -lgcc_s --no-as-needed -lc -lgcc --as-needed -lgcc_s --no-as-needed /usr/lib/gcc/x86_64-redhat-linux/6.2.1/crtend.o /usr/lib/gcc/x86_64-redhat-linux/6.2.1/../../../../lib64/crtn.o
COLLECT_GCC_OPTIONS='-v' '-o' 'cmTC_8809b' '-rdynamic' '-mtune=generic' '-march=x86-64'
gmake[1] : on quitte le répertoire « /users/invites/facchinetti/Documents/Stage/BMW/bin/CMakeFiles/CMakeTmp »


Parsed C implicit link information from above output:
  link line regex: [^( *|.*[/\])(ld|([^/\]+-)?ld|collect2)[^/\]*( |$)]
  ignore line: [Change Dir: /users/invites/facchinetti/Documents/Stage/BMW/bin/CMakeFiles/CMakeTmp]
  ignore line: []
  ignore line: [Run Build Command:"/usr/bin/gmake" "cmTC_8809b/fast"]
  ignore line: [/usr/bin/gmake -f CMakeFiles/cmTC_8809b.dir/build.make CMakeFiles/cmTC_8809b.dir/build]
  ignore line: [gmake[1] : on entre dans le répertoire « /users/invites/facchinetti/Documents/Stage/BMW/bin/CMakeFiles/CMakeTmp »]
  ignore line: [Building C object CMakeFiles/cmTC_8809b.dir/CMakeCCompilerABI.c.o]
  ignore line: [/usr/lib64/ccache/cc     -o CMakeFiles/cmTC_8809b.dir/CMakeCCompilerABI.c.o   -c /usr/share/cmake/Modules/CMakeCCompilerABI.c]
  ignore line: [Linking C executable cmTC_8809b]
  ignore line: [/usr/bin/cmake -E cmake_link_script CMakeFiles/cmTC_8809b.dir/link.txt --verbose=1]
  ignore line: [/usr/lib64/ccache/cc      -v CMakeFiles/cmTC_8809b.dir/CMakeCCompilerABI.c.o  -o cmTC_8809b -rdynamic  ]
  ignore line: [Utilisation des specs internes.]
  ignore line: [COLLECT_GCC=/usr/bin/cc]
  ignore line: [COLLECT_LTO_WRAPPER=/usr/libexec/gcc/x86_64-redhat-linux/6.2.1/lto-wrapper]
  ignore line: [Cible : x86_64-redhat-linux]
  ignore line: [Configuré avec: ../configure --enable-bootstrap --enable-languages=c,c++,objc,obj-c++,fortran,ada,go,lto --prefix=/usr --mandir=/usr/share/man --infodir=/usr/share/info --with-bugurl=http://bugzilla.redhat.com/bugzilla --enable-shared --enable-threads=posix --enable-checking=release --enable-multilib --with-system-zlib --enable-__cxa_atexit --disable-libunwind-exceptions --enable-gnu-unique-object --enable-linker-build-id --with-linker-hash-style=gnu --enable-plugin --enable-initfini-array --disable-libgcj --with-isl --enable-libmpx --enable-gnu-indirect-function --with-tune=generic --with-arch_32=i686 --build=x86_64-redhat-linux]
  ignore line: [Modèle de thread: posix]
  ignore line: [gcc version 6.2.1 20160916 (Red Hat 6.2.1-2) (GCC) ]
  ignore line: [COMPILER_PATH=/usr/libexec/gcc/x86_64-redhat-linux/6.2.1/:/usr/libexec/gcc/x86_64-redhat-linux/6.2.1/:/usr/libexec/gcc/x86_64-redhat-linux/:/usr/lib/gcc/x86_64-redhat-linux/6.2.1/:/usr/lib/gcc/x86_64-redhat-linux/]
  ignore line: [LIBRARY_PATH=/usr/lib/gcc/x86_64-redhat-linux/6.2.1/:/usr/lib/gcc/x86_64-redhat-linux/6.2.1/../../../../lib64/:/lib/../lib64/:/usr/lib/../lib64/:/usr/lib/gcc/x86_64-redhat-linux/6.2.1/../../../:/lib/:/usr/lib/]
  ignore line: [COLLECT_GCC_OPTIONS='-v' '-o' 'cmTC_8809b' '-rdynamic' '-mtune=generic' '-march=x86-64']
  link line: [ /usr/libexec/gcc/x86_64-redhat-linux/6.2.1/collect2 -plugin /usr/libexec/gcc/x86_64-redhat-linux/6.2.1/liblto_plugin.so -plugin-opt=/usr/libexec/gcc/x86_64-redhat-linux/6.2.1/lto-wrapper -plugin-opt=-fresolution=/tmp/ccNJhNQ9.res -plugin-opt=-pass-through=-lgcc -plugin-opt=-pass-through=-lgcc_s -plugin-opt=-pass-through=-lc -plugin-opt=-pass-through=-lgcc -plugin-opt=-pass-through=-lgcc_s --build-id --no-add-needed --eh-frame-hdr --hash-style=gnu -m elf_x86_64 -export-dynamic -dynamic-linker /lib64/ld-linux-x86-64.so.2 -o cmTC_8809b /usr/lib/gcc/x86_64-redhat-linux/6.2.1/../../../../lib64/crt1.o /usr/lib/gcc/x86_64-redhat-linux/6.2.1/../../../../lib64/crti.o /usr/lib/gcc/x86_64-redhat-linux/6.2.1/crtbegin.o -L/usr/lib/gcc/x86_64-redhat-linux/6.2.1 -L/usr/lib/gcc/x86_64-redhat-linux/6.2.1/../../../../lib64 -L/lib/../lib64 -L/usr/lib/../lib64 -L/usr/lib/gcc/x86_64-redhat-linux/6.2.1/../../.. CMakeFiles/cmTC_8809b.dir/CMakeCCompilerABI.c.o -lgcc --as-needed -lgcc_s --no-as-needed -lc -lgcc --as-needed -lgcc_s --no-as-needed /usr/lib/gcc/x86_64-redhat-linux/6.2.1/crtend.o /usr/lib/gcc/x86_64-redhat-linux/6.2.1/../../../../lib64/crtn.o]
    arg [/usr/libexec/gcc/x86_64-redhat-linux/6.2.1/collect2] ==> ignore
    arg [-plugin] ==> ignore
    arg [/usr/libexec/gcc/x86_64-redhat-linux/6.2.1/liblto_plugin.so] ==> ignore
    arg [-plugin-opt=/usr/libexec/gcc/x86_64-redhat-linux/6.2.1/lto-wrapper] ==> ignore
    arg [-plugin-opt=-fresolution=/tmp/ccNJhNQ9.res] ==> ignore
    arg [-plugin-opt=-pass-through=-lgcc] ==> ignore
    arg [-plugin-opt=-pass-through=-lgcc_s] ==> ignore
    arg [-plugin-opt=-pass-through=-lc] ==> ignore
    arg [-plugin-opt=-pass-through=-lgcc] ==> ignore
    arg [-plugin-opt=-pass-through=-lgcc_s] ==> ignore
    arg [--build-id] ==> ignore
    arg [--no-add-needed] ==> ignore
    arg [--eh-frame-hdr] ==> ignore
    arg [--hash-style=gnu] ==> ignore
    arg [-m] ==> ignore
    arg [elf_x86_64] ==> ignore
    arg [-export-dynamic] ==> ignore
    arg [-dynamic-linker] ==> ignore
    arg [/lib64/ld-linux-x86-64.so.2] ==> ignore
    arg [-o] ==> ignore
    arg [cmTC_8809b] ==> ignore
    arg [/usr/lib/gcc/x86_64-redhat-linux/6.2.1/../../../../lib64/crt1.o] ==> ignore
    arg [/usr/lib/gcc/x86_64-redhat-linux/6.2.1/../../../../lib64/crti.o] ==> ignore
    arg [/usr/lib/gcc/x86_64-redhat-linux/6.2.1/crtbegin.o] ==> ignore
    arg [-L/usr/lib/gcc/x86_64-redhat-linux/6.2.1] ==> dir [/usr/lib/gcc/x86_64-redhat-linux/6.2.1]
    arg [-L/usr/lib/gcc/x86_64-redhat-linux/6.2.1/../../../../lib64] ==> dir [/usr/lib/gcc/x86_64-redhat-linux/6.2.1/../../../../lib64]
    arg [-L/lib/../lib64] ==> dir [/lib/../lib64]
    arg [-L/usr/lib/../lib64] ==> dir [/usr/lib/../lib64]
    arg [-L/usr/lib/gcc/x86_64-redhat-linux/6.2.1/../../..] ==> dir [/usr/lib/gcc/x86_64-redhat-linux/6.2.1/../../..]
    arg [CMakeFiles/cmTC_8809b.dir/CMakeCCompilerABI.c.o] ==> ignore
    arg [-lgcc] ==> lib [gcc]
    arg [--as-needed] ==> ignore
    arg [-lgcc_s] ==> lib [gcc_s]
    arg [--no-as-needed] ==> ignore
    arg [-lc] ==> lib [c]
    arg [-lgcc] ==> lib [gcc]
    arg [--as-needed] ==> ignore
    arg [-lgcc_s] ==> lib [gcc_s]
    arg [--no-as-needed] ==> ignore
    arg [/usr/lib/gcc/x86_64-redhat-linux/6.2.1/crtend.o] ==> ignore
    arg [/usr/lib/gcc/x86_64-redhat-linux/6.2.1/../../../../lib64/crtn.o] ==> ignore
  remove lib [gcc]
  remove lib [gcc_s]
  remove lib [gcc]
  remove lib [gcc_s]
  collapse library dir [/usr/lib/gcc/x86_64-redhat-linux/6.2.1] ==> [/usr/lib/gcc/x86_64-redhat-linux/6.2.1]
  collapse library dir [/usr/lib/gcc/x86_64-redhat-linux/6.2.1/../../../../lib64] ==> [/usr/lib64]
  collapse library dir [/lib/../lib64] ==> [/lib64]
  collapse library dir [/usr/lib/../lib64] ==> [/usr/lib64]
  collapse library dir [/usr/lib/gcc/x86_64-redhat-linux/6.2.1/../../..] ==> [/usr/lib]
  implicit libs: [c]
  implicit dirs: [/usr/lib/gcc/x86_64-redhat-linux/6.2.1;/usr/lib64;/lib64;/usr/lib]
  implicit fwks: []




Detecting C [-std=c11] compiler features compiled with the following output:
Change Dir: /users/invites/facchinetti/Documents/Stage/BMW/bin/CMakeFiles/CMakeTmp

Run Build Command:"/usr/bin/gmake" "cmTC_91d58/fast"
/usr/bin/gmake -f CMakeFiles/cmTC_91d58.dir/build.make CMakeFiles/cmTC_91d58.dir/build
gmake[1] : on entre dans le répertoire « /users/invites/facchinetti/Documents/Stage/BMW/bin/CMakeFiles/CMakeTmp »
Building C object CMakeFiles/cmTC_91d58.dir/feature_tests.c.o
/usr/lib64/ccache/cc    -std=c11 -o CMakeFiles/cmTC_91d58.dir/feature_tests.c.o   -c /users/invites/facchinetti/Documents/Stage/BMW/bin/CMakeFiles/feature_tests.c
Linking C executable cmTC_91d58
/usr/bin/cmake -E cmake_link_script CMakeFiles/cmTC_91d58.dir/link.txt --verbose=1
/usr/lib64/ccache/cc       CMakeFiles/cmTC_91d58.dir/feature_tests.c.o  -o cmTC_91d58 -rdynamic 
gmake[1] : on quitte le répertoire « /users/invites/facchinetti/Documents/Stage/BMW/bin/CMakeFiles/CMakeTmp »


    Feature record: C_FEATURE:1c_function_prototypes
    Feature record: C_FEATURE:1c_restrict
    Feature record: C_FEATURE:1c_static_assert
    Feature record: C_FEATURE:1c_variadic_macros


Detecting C [-std=c99] compiler features compiled with the following output:
Change Dir: /users/invites/facchinetti/Documents/Stage/BMW/bin/CMakeFiles/CMakeTmp

Run Build Command:"/usr/bin/gmake" "cmTC_e65eb/fast"
/usr/bin/gmake -f CMakeFiles/cmTC_e65eb.dir/build.make CMakeFiles/cmTC_e65eb.dir/build
gmake[1] : on entre dans le répertoire « /users/invites/facchinetti/Documents/Stage/BMW/bin/CMakeFiles/CMakeTmp »
Building C object CMakeFiles/cmTC_e65eb.dir/feature_tests.c.o
/usr/lib64/ccache/cc    -std=c99 -o CMakeFiles/cmTC_e65eb.dir/feature_tests.c.o   -c /users/invites/facchinetti/Documents/Stage/BMW/bin/CMakeFiles/feature_tests.c
Linking C executable cmTC_e65eb
/usr/bin/cmake -E cmake_link_script CMakeFiles/cmTC_e65eb.dir/link.txt --verbose=1
/usr/lib64/ccache/cc       CMakeFiles/cmTC_e65eb.dir/feature_tests.c.o  -o cmTC_e65eb -rdynamic 
gmake[1] : on quitte le répertoire « /users/invites/facchinetti/Documents/Stage/BMW/bin/CMakeFiles/CMakeTmp »


    Feature record: C_FEATURE:1c_function_prototypes
    Feature record: C_FEATURE:1c_restrict
    Feature record: C_FEATURE:0c_static_assert
    Feature record: C_FEATURE:1c_variadic_macros


Detecting C [-std=c90] compiler features compiled with the following output:
Change Dir: /users/invites/facchinetti/Documents/Stage/BMW/bin/CMakeFiles/CMakeTmp

Run Build Command:"/usr/bin/gmake" "cmTC_3695c/fast"
/usr/bin/gmake -f CMakeFiles/cmTC_3695c.dir/build.make CMakeFiles/cmTC_3695c.dir/build
gmake[1] : on entre dans le répertoire « /users/invites/facchinetti/Documents/Stage/BMW/bin/CMakeFiles/CMakeTmp »
Building C object CMakeFiles/cmTC_3695c.dir/feature_tests.c.o
/usr/lib64/ccache/cc    -std=c90 -o CMakeFiles/cmTC_3695c.dir/feature_tests.c.o   -c /users/invites/facchinetti/Documents/Stage/BMW/bin/CMakeFiles/feature_tests.c
Linking C executable cmTC_3695c
/usr/bin/cmake -E cmake_link_script CMakeFiles/cmTC_3695c.dir/link.txt --verbose=1
/usr/lib64/ccache/cc       CMakeFiles/cmTC_3695c.dir/feature_tests.c.o  -o cmTC_3695c -rdynamic 
gmake[1] : on quitte le répertoire « /users/invites/facchinetti/Documents/Stage/BMW/bin/CMakeFiles/CMakeTmp »


    Feature record: C_FEATURE:1c_function_prototypes
    Feature record: C_FEATURE:0c_restrict
    Feature record: C_FEATURE:0c_static_assert
    Feature record: C_FEATURE:0c_variadic_macros
Determining if the CXX compiler works passed with the following output:
Change Dir: /users/invites/facchinetti/Documents/Stage/BMW/bin/CMakeFiles/CMakeTmp

Run Build Command:"/usr/bin/gmake" "cmTC_52937/fast"
/usr/bin/gmake -f CMakeFiles/cmTC_52937.dir/build.make CMakeFiles/cmTC_52937.dir/build
gmake[1] : on entre dans le répertoire « /users/invites/facchinetti/Documents/Stage/BMW/bin/CMakeFiles/CMakeTmp »
Building CXX object CMakeFiles/cmTC_52937.dir/testCXXCompiler.cxx.o
/usr/lib64/ccache/c++      -o CMakeFiles/cmTC_52937.dir/testCXXCompiler.cxx.o -c /users/invites/facchinetti/Documents/Stage/BMW/bin/CMakeFiles/CMakeTmp/testCXXCompiler.cxx
Linking CXX executable cmTC_52937
/usr/bin/cmake -E cmake_link_script CMakeFiles/cmTC_52937.dir/link.txt --verbose=1
/usr/lib64/ccache/c++        CMakeFiles/cmTC_52937.dir/testCXXCompiler.cxx.o  -o cmTC_52937 -rdynamic 
gmake[1] : on quitte le répertoire « /users/invites/facchinetti/Documents/Stage/BMW/bin/CMakeFiles/CMakeTmp »


Detecting CXX compiler ABI info compiled with the following output:
Change Dir: /users/invites/facchinetti/Documents/Stage/BMW/bin/CMakeFiles/CMakeTmp

Run Build Command:"/usr/bin/gmake" "cmTC_6ec81/fast"
/usr/bin/gmake -f CMakeFiles/cmTC_6ec81.dir/build.make CMakeFiles/cmTC_6ec81.dir/build
gmake[1] : on entre dans le répertoire « /users/invites/facchinetti/Documents/Stage/BMW/bin/CMakeFiles/CMakeTmp »
Building CXX object CMakeFiles/cmTC_6ec81.dir/CMakeCXXCompilerABI.cpp.o
/usr/lib64/ccache/c++      -o CMakeFiles/cmTC_6ec81.dir/CMakeCXXCompilerABI.cpp.o -c /usr/share/cmake/Modules/CMakeCXXCompilerABI.cpp
Linking CXX executable cmTC_6ec81
/usr/bin/cmake -E cmake_link_script CMakeFiles/cmTC_6ec81.dir/link.txt --verbose=1
/usr/lib64/ccache/c++       -v CMakeFiles/cmTC_6ec81.dir/CMakeCXXCompilerABI.cpp.o  -o cmTC_6ec81 -rdynamic  
Utilisation des specs internes.
COLLECT_GCC=/usr/bin/c++
COLLECT_LTO_WRAPPER=/usr/libexec/gcc/x86_64-redhat-linux/6.2.1/lto-wrapper
Cible : x86_64-redhat-linux
Configuré avec: ../configure --enable-bootstrap --enable-languages=c,c++,objc,obj-c++,fortran,ada,go,lto --prefix=/usr --mandir=/usr/share/man --infodir=/usr/share/info --with-bugurl=http://bugzilla.redhat.com/bugzilla --enable-shared --enable-threads=posix --enable-checking=release --enable-multilib --with-system-zlib --enable-__cxa_atexit --disable-libunwind-exceptions --enable-gnu-unique-object --enable-linker-build-id --with-linker-hash-style=gnu --enable-plugin --enable-initfini-array --disable-libgcj --with-isl --enable-libmpx --enable-gnu-indirect-function --with-tune=generic --with-arch_32=i686 --build=x86_64-redhat-linux
Modèle de thread: posix
gcc version 6.2.1 20160916 (Red Hat 6.2.1-2) (GCC) 
COMPILER_PATH=/usr/libexec/gcc/x86_64-redhat-linux/6.2.1/:/usr/libexec/gcc/x86_64-redhat-linux/6.2.1/:/usr/libexec/gcc/x86_64-redhat-linux/:/usr/lib/gcc/x86_64-redhat-linux/6.2.1/:/usr/lib/gcc/x86_64-redhat-linux/
LIBRARY_PATH=/usr/lib/gcc/x86_64-redhat-linux/6.2.1/:/usr/lib/gcc/x86_64-redhat-linux/6.2.1/../../../../lib64/:/lib/../lib64/:/usr/lib/../lib64/:/usr/lib/gcc/x86_64-redhat-linux/6.2.1/../../../:/lib/:/usr/lib/
COLLECT_GCC_OPTIONS='-v' '-o' 'cmTC_6ec81' '-rdynamic' '-shared-libgcc' '-mtune=generic' '-march=x86-64'
 /usr/libexec/gcc/x86_64-redhat-linux/6.2.1/collect2 -plugin /usr/libexec/gcc/x86_64-redhat-linux/6.2.1/liblto_plugin.so -plugin-opt=/usr/libexec/gcc/x86_64-redhat-linux/6.2.1/lto-wrapper -plugin-opt=-fresolution=/tmp/cc1mGFHL.res -plugin-opt=-pass-through=-lgcc_s -plugin-opt=-pass-through=-lgcc -plugin-opt=-pass-through=-lc -plugin-opt=-pass-through=-lgcc_s -plugin-opt=-pass-through=-lgcc --build-id --no-add-needed --eh-frame-hdr --hash-style=gnu -m elf_x86_64 -export-dynamic -dynamic-linker /lib64/ld-linux-x86-64.so.2 -o cmTC_6ec81 /usr/lib/gcc/x86_64-redhat-linux/6.2.1/../../../../lib64/crt1.o /usr/lib/gcc/x86_64-redhat-linux/6.2.1/../../../../lib64/crti.o /usr/lib/gcc/x86_64-redhat-linux/6.2.1/crtbegin.o -L/usr/lib/gcc/x86_64-redhat-linux/6.2.1 -L/usr/lib/gcc/x86_64-redhat-linux/6.2.1/../../../../lib64 -L/lib/../lib64 -L/usr/lib/../lib64 -L/usr/lib/gcc/x86_64-redhat-linux/6.2.1/../../.. CMakeFiles/cmTC_6ec81.dir/CMakeCXXCompilerABI.cpp.o -lstdc++ -lm -lgcc_s -lgcc -lc -lgcc_s -lgcc /usr/lib/gcc/x86_64-redhat-linux/6.2.1/crtend.o /usr/lib/gcc/x86_64-redhat-linux/6.2.1/../../../../lib64/crtn.o
COLLECT_GCC_OPTIONS='-v' '-o' 'cmTC_6ec81' '-rdynamic' '-shared-libgcc' '-mtune=generic' '-march=x86-64'
gmake[1] : on quitte le répertoire « /users/invites/facchinetti/Documents/Stage/BMW/bin/CMakeFiles/CMakeTmp »


Parsed CXX implicit link information from above output:
  link line regex: [^( *|.*[/\])(ld|([^/\]+-)?ld|collect2)[^/\]*( |$)]
  ignore line: [Change Dir: /users/invites/facchinetti/Documents/Stage/BMW/bin/CMakeFiles/CMakeTmp]
  ignore line: []
  ignore line: [Run Build Command:"/usr/bin/gmake" "cmTC_6ec81/fast"]
  ignore line: [/usr/bin/gmake -f CMakeFiles/cmTC_6ec81.dir/build.make CMakeFiles/cmTC_6ec81.dir/build]
  ignore line: [gmake[1] : on entre dans le répertoire « /users/invites/facchinetti/Documents/Stage/BMW/bin/CMakeFiles/CMakeTmp »]
  ignore line: [Building CXX object CMakeFiles/cmTC_6ec81.dir/CMakeCXXCompilerABI.cpp.o]
  ignore line: [/usr/lib64/ccache/c++      -o CMakeFiles/cmTC_6ec81.dir/CMakeCXXCompilerABI.cpp.o -c /usr/share/cmake/Modules/CMakeCXXCompilerABI.cpp]
  ignore line: [Linking CXX executable cmTC_6ec81]
  ignore line: [/usr/bin/cmake -E cmake_link_script CMakeFiles/cmTC_6ec81.dir/link.txt --verbose=1]
  ignore line: [/usr/lib64/ccache/c++       -v CMakeFiles/cmTC_6ec81.dir/CMakeCXXCompilerABI.cpp.o  -o cmTC_6ec81 -rdynamic  ]
  ignore line: [Utilisation des specs internes.]
  ignore line: [COLLECT_GCC=/usr/bin/c++]
  ignore line: [COLLECT_LTO_WRAPPER=/usr/libexec/gcc/x86_64-redhat-linux/6.2.1/lto-wrapper]
  ignore line: [Cible : x86_64-redhat-linux]
  ignore line: [Configuré avec: ../configure --enable-bootstrap --enable-languages=c,c++,objc,obj-c++,fortran,ada,go,lto --prefix=/usr --mandir=/usr/share/man --infodir=/usr/share/info --with-bugurl=http://bugzilla.redhat.com/bugzilla --enable-shared --enable-threads=posix --enable-checking=release --enable-multilib --with-system-zlib --enable-__cxa_atexit --disable-libunwind-exceptions --enable-gnu-unique-object --enable-linker-build-id --with-linker-hash-style=gnu --enable-plugin --enable-initfini-array --disable-libgcj --with-isl --enable-libmpx --enable-gnu-indirect-function --with-tune=generic --with-arch_32=i686 --build=x86_64-redhat-linux]
  ignore line: [Modèle de thread: posix]
  ignore line: [gcc version 6.2.1 20160916 (Red Hat 6.2.1-2) (GCC) ]
  ignore line: [COMPILER_PATH=/usr/libexec/gcc/x86_64-redhat-linux/6.2.1/:/usr/libexec/gcc/x86_64-redhat-linux/6.2.1/:/usr/libexec/gcc/x86_64-redhat-linux/:/usr/lib/gcc/x86_64-redhat-linux/6.2.1/:/usr/lib/gcc/x86_64-redhat-linux/]
  ignore line: [LIBRARY_PATH=/usr/lib/gcc/x86_64-redhat-linux/6.2.1/:/usr/lib/gcc/x86_64-redhat-linux/6.2.1/../../../../lib64/:/lib/../lib64/:/usr/lib/../lib64/:/usr/lib/gcc/x86_64-redhat-linux/6.2.1/../../../:/lib/:/usr/lib/]
  ignore line: [COLLECT_GCC_OPTIONS='-v' '-o' 'cmTC_6ec81' '-rdynamic' '-shared-libgcc' '-mtune=generic' '-march=x86-64']
  link line: [ /usr/libexec/gcc/x86_64-redhat-linux/6.2.1/collect2 -plugin /usr/libexec/gcc/x86_64-redhat-linux/6.2.1/liblto_plugin.so -plugin-opt=/usr/libexec/gcc/x86_64-redhat-linux/6.2.1/lto-wrapper -plugin-opt=-fresolution=/tmp/cc1mGFHL.res -plugin-opt=-pass-through=-lgcc_s -plugin-opt=-pass-through=-lgcc -plugin-opt=-pass-through=-lc -plugin-opt=-pass-through=-lgcc_s -plugin-opt=-pass-through=-lgcc --build-id --no-add-needed --eh-frame-hdr --hash-style=gnu -m elf_x86_64 -export-dynamic -dynamic-linker /lib64/ld-linux-x86-64.so.2 -o cmTC_6ec81 /usr/lib/gcc/x86_64-redhat-linux/6.2.1/../../../../lib64/crt1.o /usr/lib/gcc/x86_64-redhat-linux/6.2.1/../../../../lib64/crti.o /usr/lib/gcc/x86_64-redhat-linux/6.2.1/crtbegin.o -L/usr/lib/gcc/x86_64-redhat-linux/6.2.1 -L/usr/lib/gcc/x86_64-redhat-linux/6.2.1/../../../../lib64 -L/lib/../lib64 -L/usr/lib/../lib64 -L/usr/lib/gcc/x86_64-redhat-linux/6.2.1/../../.. CMakeFiles/cmTC_6ec81.dir/CMakeCXXCompilerABI.cpp.o -lstdc++ -lm -lgcc_s -lgcc -lc -lgcc_s -lgcc /usr/lib/gcc/x86_64-redhat-linux/6.2.1/crtend.o /usr/lib/gcc/x86_64-redhat-linux/6.2.1/../../../../lib64/crtn.o]
    arg [/usr/libexec/gcc/x86_64-redhat-linux/6.2.1/collect2] ==> ignore
    arg [-plugin] ==> ignore
    arg [/usr/libexec/gcc/x86_64-redhat-linux/6.2.1/liblto_plugin.so] ==> ignore
    arg [-plugin-opt=/usr/libexec/gcc/x86_64-redhat-linux/6.2.1/lto-wrapper] ==> ignore
    arg [-plugin-opt=-fresolution=/tmp/cc1mGFHL.res] ==> ignore
    arg [-plugin-opt=-pass-through=-lgcc_s] ==> ignore
    arg [-plugin-opt=-pass-through=-lgcc] ==> ignore
    arg [-plugin-opt=-pass-through=-lc] ==> ignore
    arg [-plugin-opt=-pass-through=-lgcc_s] ==> ignore
    arg [-plugin-opt=-pass-through=-lgcc] ==> ignore
    arg [--build-id] ==> ignore
    arg [--no-add-needed] ==> ignore
    arg [--eh-frame-hdr] ==> ignore
    arg [--hash-style=gnu] ==> ignore
    arg [-m] ==> ignore
    arg [elf_x86_64] ==> ignore
    arg [-export-dynamic] ==> ignore
    arg [-dynamic-linker] ==> ignore
    arg [/lib64/ld-linux-x86-64.so.2] ==> ignore
    arg [-o] ==> ignore
    arg [cmTC_6ec81] ==> ignore
    arg [/usr/lib/gcc/x86_64-redhat-linux/6.2.1/../../../../lib64/crt1.o] ==> ignore
    arg [/usr/lib/gcc/x86_64-redhat-linux/6.2.1/../../../../lib64/crti.o] ==> ignore
    arg [/usr/lib/gcc/x86_64-redhat-linux/6.2.1/crtbegin.o] ==> ignore
    arg [-L/usr/lib/gcc/x86_64-redhat-linux/6.2.1] ==> dir [/usr/lib/gcc/x86_64-redhat-linux/6.2.1]
    arg [-L/usr/lib/gcc/x86_64-redhat-linux/6.2.1/../../../../lib64] ==> dir [/usr/lib/gcc/x86_64-redhat-linux/6.2.1/../../../../lib64]
    arg [-L/lib/../lib64] ==> dir [/lib/../lib64]
    arg [-L/usr/lib/../lib64] ==> dir [/usr/lib/../lib64]
    arg [-L/usr/lib/gcc/x86_64-redhat-linux/6.2.1/../../..] ==> dir [/usr/lib/gcc/x86_64-redhat-linux/6.2.1/../../..]
    arg [CMakeFiles/cmTC_6ec81.dir/CMakeCXXCompilerABI.cpp.o] ==> ignore
    arg [-lstdc++] ==> lib [stdc++]
    arg [-lm] ==> lib [m]
    arg [-lgcc_s] ==> lib [gcc_s]
    arg [-lgcc] ==> lib [gcc]
    arg [-lc] ==> lib [c]
    arg [-lgcc_s] ==> lib [gcc_s]
    arg [-lgcc] ==> lib [gcc]
    arg [/usr/lib/gcc/x86_64-redhat-linux/6.2.1/crtend.o] ==> ignore
    arg [/usr/lib/gcc/x86_64-redhat-linux/6.2.1/../../../../lib64/crtn.o] ==> ignore
  remove lib [gcc_s]
  remove lib [gcc]
  remove lib [gcc_s]
  remove lib [gcc]
  collapse library dir [/usr/lib/gcc/x86_64-redhat-linux/6.2.1] ==> [/usr/lib/gcc/x86_64-redhat-linux/6.2.1]
  collapse library dir [/usr/lib/gcc/x86_64-redhat-linux/6.2.1/../../../../lib64] ==> [/usr/lib64]
  collapse library dir [/lib/../lib64] ==> [/lib64]
  collapse library dir [/usr/lib/../lib64] ==> [/usr/lib64]
  collapse library dir [/usr/lib/gcc/x86_64-redhat-linux/6.2.1/../../..] ==> [/usr/lib]
  implicit libs: [stdc++;m;c]
  implicit dirs: [/usr/lib/gcc/x86_64-redhat-linux/6.2.1;/usr/lib64;/lib64;/usr/lib]
  implicit fwks: []




Detecting CXX [-std=c++14] compiler features compiled with the following output:
Change Dir: /users/invites/facchinetti/Documents/Stage/BMW/bin/CMakeFiles/CMakeTmp

Run Build Command:"/usr/bin/gmake" "cmTC_ae3ec/fast"
/usr/bin/gmake -f CMakeFiles/cmTC_ae3ec.dir/build.make CMakeFiles/cmTC_ae3ec.dir/build
gmake[1] : on entre dans le répertoire « /users/invites/facchinetti/Documents/Stage/BMW/bin/CMakeFiles/CMakeTmp »
Building CXX object CMakeFiles/cmTC_ae3ec.dir/feature_tests.cxx.o
/usr/lib64/ccache/c++     -std=c++14 -o CMakeFiles/cmTC_ae3ec.dir/feature_tests.cxx.o -c /users/invites/facchinetti/Documents/Stage/BMW/bin/CMakeFiles/feature_tests.cxx
Linking CXX executable cmTC_ae3ec
/usr/bin/cmake -E cmake_link_script CMakeFiles/cmTC_ae3ec.dir/link.txt --verbose=1
/usr/lib64/ccache/c++        CMakeFiles/cmTC_ae3ec.dir/feature_tests.cxx.o  -o cmTC_ae3ec -rdynamic 
gmake[1] : on quitte le répertoire « /users/invites/facchinetti/Documents/Stage/BMW/bin/CMakeFiles/CMakeTmp »


    Feature record: CXX_FEATURE:1cxx_aggregate_default_initializers
    Feature record: CXX_FEATURE:1cxx_alias_templates
    Feature record: CXX_FEATURE:1cxx_alignas
    Feature record: CXX_FEATURE:1cxx_alignof
    Feature record: CXX_FEATURE:1cxx_attributes
    Feature record: CXX_FEATURE:1cxx_attribute_deprecated
    Feature record: CXX_FEATURE:1cxx_auto_type
    Feature record: CXX_FEATURE:1cxx_binary_literals
    Feature record: CXX_FEATURE:1cxx_constexpr
    Feature record: CXX_FEATURE:1cxx_contextual_conversions
    Feature record: CXX_FEATURE:1cxx_decltype
    Feature record: CXX_FEATURE:1cxx_decltype_auto
    Feature record: CXX_FEATURE:1cxx_decltype_incomplete_return_types
    Feature record: CXX_FEATURE:1cxx_default_function_template_args
    Feature record: CXX_FEATURE:1cxx_defaulted_functions
    Feature record: CXX_FEATURE:1cxx_defaulted_move_initializers
    Feature record: CXX_FEATURE:1cxx_delegating_constructors
    Feature record: CXX_FEATURE:1cxx_deleted_functions
    Feature record: CXX_FEATURE:1cxx_digit_separators
    Feature record: CXX_FEATURE:1cxx_enum_forward_declarations
    Feature record: CXX_FEATURE:1cxx_explicit_conversions
    Feature record: CXX_FEATURE:1cxx_extended_friend_declarations
    Feature record: CXX_FEATURE:1cxx_extern_templates
    Feature record: CXX_FEATURE:1cxx_final
    Feature record: CXX_FEATURE:1cxx_func_identifier
    Feature record: CXX_FEATURE:1cxx_generalized_initializers
    Feature record: CXX_FEATURE:1cxx_generic_lambdas
    Feature record: CXX_FEATURE:1cxx_inheriting_constructors
    Feature record: CXX_FEATURE:1cxx_inline_namespaces
    Feature record: CXX_FEATURE:1cxx_lambdas
    Feature record: CXX_FEATURE:1cxx_lambda_init_captures
    Feature record: CXX_FEATURE:1cxx_local_type_template_args
    Feature record: CXX_FEATURE:1cxx_long_long_type
    Feature record: CXX_FEATURE:1cxx_noexcept
    Feature record: CXX_FEATURE:1cxx_nonstatic_member_init
    Feature record: CXX_FEATURE:1cxx_nullptr
    Feature record: CXX_FEATURE:1cxx_override
    Feature record: CXX_FEATURE:1cxx_range_for
    Feature record: CXX_FEATURE:1cxx_raw_string_literals
    Feature record: CXX_FEATURE:1cxx_reference_qualified_functions
    Feature record: CXX_FEATURE:1cxx_relaxed_constexpr
    Feature record: CXX_FEATURE:1cxx_return_type_deduction
    Feature record: CXX_FEATURE:1cxx_right_angle_brackets
    Feature record: CXX_FEATURE:1cxx_rvalue_references
    Feature record: CXX_FEATURE:1cxx_sizeof_member
    Feature record: CXX_FEATURE:1cxx_static_assert
    Feature record: CXX_FEATURE:1cxx_strong_enums
    Feature record: CXX_FEATURE:1cxx_template_template_parameters
    Feature record: CXX_FEATURE:1cxx_thread_local
    Feature record: CXX_FEATURE:1cxx_trailing_return_types
    Feature record: CXX_FEATURE:1cxx_unicode_literals
    Feature record: CXX_FEATURE:1cxx_uniform_initialization
    Feature record: CXX_FEATURE:1cxx_unrestricted_unions
    Feature record: CXX_FEATURE:1cxx_user_literals
    Feature record: CXX_FEATURE:1cxx_variable_templates
    Feature record: CXX_FEATURE:1cxx_variadic_macros
    Feature record: CXX_FEATURE:1cxx_variadic_templates


Detecting CXX [-std=c++11] compiler features compiled with the following output:
Change Dir: /users/invites/facchinetti/Documents/Stage/BMW/bin/CMakeFiles/CMakeTmp

Run Build Command:"/usr/bin/gmake" "cmTC_ab82d/fast"
/usr/bin/gmake -f CMakeFiles/cmTC_ab82d.dir/build.make CMakeFiles/cmTC_ab82d.dir/build
gmake[1] : on entre dans le répertoire « /users/invites/facchinetti/Documents/Stage/BMW/bin/CMakeFiles/CMakeTmp »
Building CXX object CMakeFiles/cmTC_ab82d.dir/feature_tests.cxx.o
/usr/lib64/ccache/c++     -std=c++11 -o CMakeFiles/cmTC_ab82d.dir/feature_tests.cxx.o -c /users/invites/facchinetti/Documents/Stage/BMW/bin/CMakeFiles/feature_tests.cxx
Linking CXX executable cmTC_ab82d
/usr/bin/cmake -E cmake_link_script CMakeFiles/cmTC_ab82d.dir/link.txt --verbose=1
/usr/lib64/ccache/c++        CMakeFiles/cmTC_ab82d.dir/feature_tests.cxx.o  -o cmTC_ab82d -rdynamic 
gmake[1] : on quitte le répertoire « /users/invites/facchinetti/Documents/Stage/BMW/bin/CMakeFiles/CMakeTmp »


    Feature record: CXX_FEATURE:0cxx_aggregate_default_initializers
    Feature record: CXX_FEATURE:1cxx_alias_templates
    Feature record: CXX_FEATURE:1cxx_alignas
    Feature record: CXX_FEATURE:1cxx_alignof
    Feature record: CXX_FEATURE:1cxx_attributes
    Feature record: CXX_FEATURE:0cxx_attribute_deprecated
    Feature record: CXX_FEATURE:1cxx_auto_type
    Feature record: CXX_FEATURE:0cxx_binary_literals
    Feature record: CXX_FEATURE:1cxx_constexpr
    Feature record: CXX_FEATURE:0cxx_contextual_conversions
    Feature record: CXX_FEATURE:1cxx_decltype
    Feature record: CXX_FEATURE:0cxx_decltype_auto
    Feature record: CXX_FEATURE:1cxx_decltype_incomplete_return_types
    Feature record: CXX_FEATURE:1cxx_default_function_template_args
    Feature record: CXX_FEATURE:1cxx_defaulted_functions
    Feature record: CXX_FEATURE:1cxx_defaulted_move_initializers
    Feature record: CXX_FEATURE:1cxx_delegating_constructors
    Feature record: CXX_FEATURE:1cxx_deleted_functions
    Feature record: CXX_FEATURE:0cxx_digit_separators
    Feature record: CXX_FEATURE:1cxx_enum_forward_declarations
    Feature record: CXX_FEATURE:1cxx_explicit_conversions
    Feature record: CXX_FEATURE:1cxx_extended_friend_declarations
    Feature record: CXX_FEATURE:1cxx_extern_templates
    Feature record: CXX_FEATURE:1cxx_final
    Feature record: CXX_FEATURE:1cxx_func_identifier
    Feature record: CXX_FEATURE:1cxx_generalized_initializers
    Feature record: CXX_FEATURE:0cxx_generic_lambdas
    Feature record: CXX_FEATURE:1cxx_inheriting_constructors
    Feature record: CXX_FEATURE:1cxx_inline_namespaces
    Feature record: CXX_FEATURE:1cxx_lambdas
    Feature record: CXX_FEATURE:0cxx_lambda_init_captures
    Feature record: CXX_FEATURE:1cxx_local_type_template_args
    Feature record: CXX_FEATURE:1cxx_long_long_type
    Feature record: CXX_FEATURE:1cxx_noexcept
    Feature record: CXX_FEATURE:1cxx_nonstatic_member_init
    Feature record: CXX_FEATURE:1cxx_nullptr
    Feature record: CXX_FEATURE:1cxx_override
    Feature record: CXX_FEATURE:1cxx_range_for
    Feature record: CXX_FEATURE:1cxx_raw_string_literals
    Feature record: CXX_FEATURE:1cxx_reference_qualified_functions
    Feature record: CXX_FEATURE:0cxx_relaxed_constexpr
    Feature record: CXX_FEATURE:0cxx_return_type_deduction
    Feature record: CXX_FEATURE:1cxx_right_angle_brackets
    Feature record: CXX_FEATURE:1cxx_rvalue_references
    Feature record: CXX_FEATURE:1cxx_sizeof_member
    Feature record: CXX_FEATURE:1cxx_static_assert
    Feature record: CXX_FEATURE:1cxx_strong_enums
    Feature record: CXX_FEATURE:1cxx_template_template_parameters
    Feature record: CXX_FEATURE:1cxx_thread_local
    Feature record: CXX_FEATURE:1cxx_trailing_return_types
    Feature record: CXX_FEATURE:1cxx_unicode_literals
    Feature record: CXX_FEATURE:1cxx_uniform_initialization
    Feature record: CXX_FEATURE:1cxx_unrestricted_unions
    Feature record: CXX_FEATURE:1cxx_user_literals
    Feature record: CXX_FEATURE:0cxx_variable_templates
    Feature record: CXX_FEATURE:1cxx_variadic_macros
    Feature record: CXX_FEATURE:1cxx_variadic_templates


Detecting CXX [-std=c++98] compiler features compiled with the following output:
Change Dir: /users/invites/facchinetti/Documents/Stage/BMW/bin/CMakeFiles/CMakeTmp

Run Build Command:"/usr/bin/gmake" "cmTC_1a2bc/fast"
/usr/bin/gmake -f CMakeFiles/cmTC_1a2bc.dir/build.make CMakeFiles/cmTC_1a2bc.dir/build
gmake[1] : on entre dans le répertoire « /users/invites/facchinetti/Documents/Stage/BMW/bin/CMakeFiles/CMakeTmp »
Building CXX object CMakeFiles/cmTC_1a2bc.dir/feature_tests.cxx.o
/usr/lib64/ccache/c++     -std=c++98 -o CMakeFiles/cmTC_1a2bc.dir/feature_tests.cxx.o -c /users/invites/facchinetti/Documents/Stage/BMW/bin/CMakeFiles/feature_tests.cxx
Linking CXX executable cmTC_1a2bc
/usr/bin/cmake -E cmake_link_script CMakeFiles/cmTC_1a2bc.dir/link.txt --verbose=1
/usr/lib64/ccache/c++        CMakeFiles/cmTC_1a2bc.dir/feature_tests.cxx.o  -o cmTC_1a2bc -rdynamic 
gmake[1] : on quitte le répertoire « /users/invites/facchinetti/Documents/Stage/BMW/bin/CMakeFiles/CMakeTmp »


    Feature record: CXX_FEATURE:0cxx_aggregate_default_initializers
    Feature record: CXX_FEATURE:0cxx_alias_templates
    Feature record: CXX_FEATURE:0cxx_alignas
    Feature record: CXX_FEATURE:0cxx_alignof
    Feature record: CXX_FEATURE:0cxx_attributes
    Feature record: CXX_FEATURE:0cxx_attribute_deprecated
    Feature record: CXX_FEATURE:0cxx_auto_type
    Feature record: CXX_FEATURE:0cxx_binary_literals
    Feature record: CXX_FEATURE:0cxx_constexpr
    Feature record: CXX_FEATURE:0cxx_contextual_conversions
    Feature record: CXX_FEATURE:0cxx_decltype
    Feature record: CXX_FEATURE:0cxx_decltype_auto
    Feature record: CXX_FEATURE:0cxx_decltype_incomplete_return_types
    Feature record: CXX_FEATURE:0cxx_default_function_template_args
    Feature record: CXX_FEATURE:0cxx_defaulted_functions
    Feature record: CXX_FEATURE:0cxx_defaulted_move_initializers
    Feature record: CXX_FEATURE:0cxx_delegating_constructors
    Feature record: CXX_FEATURE:0cxx_deleted_functions
    Feature record: CXX_FEATURE:0cxx_digit_separators
    Feature record: CXX_FEATURE:0cxx_enum_forward_declarations
    Feature record: CXX_FEATURE:0cxx_explicit_conversions
    Feature record: CXX_FEATURE:0cxx_extended_friend_declarations
    Feature record: CXX_FEATURE:0cxx_extern_templates
    Feature record: CXX_FEATURE:0cxx_final
    Feature record: CXX_FEATURE:0cxx_func_identifier
    Feature record: CXX_FEATURE:0cxx_generalized_initializers
    Feature record: CXX_FEATURE:0cxx_generic_lambdas
    Feature record: CXX_FEATURE:0cxx_inheriting_constructors
    Feature record: CXX_FEATURE:0cxx_inline_namespaces
    Feature record: CXX_FEATURE:0cxx_lambdas
    Feature record: CXX_FEATURE:0cxx_lambda_init_captures
    Feature record: CXX_FEATURE:0cxx_local_type_template_args
    Feature record: CXX_FEATURE:0cxx_long_long_type
    Feature record: CXX_FEATURE:0cxx_noexcept
    Feature record: CXX_FEATURE:0cxx_nonstatic_member_init
    Feature record: CXX_FEATURE:0cxx_nullptr
    Feature record: CXX_FEATURE:0cxx_override
    Feature record: CXX_FEATURE:0cxx_range_for
    Feature record: CXX_FEATURE:0cxx_raw_string_literals
    Feature record: CXX_FEATURE:0cxx_reference_qualified_functions
    Feature record: CXX_FEATURE:0cxx_relaxed_constexpr
    Feature record: CXX_FEATURE:0cxx_return_type_deduction
    Feature record: CXX_FEATURE:0cxx_right_angle_brackets
    Feature record: CXX_FEATURE:0cxx_rvalue_references
    Feature record: CXX_FEATURE:0cxx_sizeof_member
    Feature record: CXX_FEATURE:0cxx_static_assert
    Feature record: CXX_FEATURE:0cxx_strong_enums
    Feature record: CXX_FEATURE:1cxx_template_template_parameters
    Feature record: CXX_FEATURE:0cxx_thread_local
    Feature record: CXX_FEATURE:0cxx_trailing_return_types
    Feature record: CXX_FEATURE:0cxx_unicode_literals
    Feature record: CXX_FEATURE:0cxx_uniform_initialization
    Feature record: CXX_FEATURE:0cxx_unrestricted_unions
    Feature record: CXX_FEATURE:0cxx_user_literals
    Feature record: CXX_FEATURE:0cxx_variable_templates
    Feature record: CXX_FEATURE:0cxx_variadic_macros
    Feature record: CXX_FEATURE:0cxx_variadic_templates
Performing C SOURCE FILE Test OpenMP_FLAG_DETECTED succeeded with the following output:
Change Dir: /users/invites/facchinetti/Documents/Stage/BMW/bin/CMakeFiles/CMakeTmp

Run Build Command:"/usr/bin/gmake" "cmTC_3d45a/fast"
/usr/bin/gmake -f CMakeFiles/cmTC_3d45a.dir/build.make CMakeFiles/cmTC_3d45a.dir/build
gmake[1] : on entre dans le répertoire « /users/invites/facchinetti/Documents/Stage/BMW/bin/CMakeFiles/CMakeTmp »
Building C object CMakeFiles/cmTC_3d45a.dir/src.c.o
/usr/lib64/ccache/cc    -DOpenMP_FLAG_DETECTED -fopenmp   -o CMakeFiles/cmTC_3d45a.dir/src.c.o   -c /users/invites/facchinetti/Documents/Stage/BMW/bin/CMakeFiles/CMakeTmp/src.c
Linking C executable cmTC_3d45a
/usr/bin/cmake -E cmake_link_script CMakeFiles/cmTC_3d45a.dir/link.txt --verbose=1
/usr/lib64/ccache/cc   -DOpenMP_FLAG_DETECTED -fopenmp    CMakeFiles/cmTC_3d45a.dir/src.c.o  -o cmTC_3d45a -rdynamic 
gmake[1] : on quitte le répertoire « /users/invites/facchinetti/Documents/Stage/BMW/bin/CMakeFiles/CMakeTmp »

Source file was:

#include <omp.h>
int main() {
#ifdef _OPENMP
  return 0;
#else
  breaks_on_purpose
#endif
}

Performing C++ SOURCE FILE Test OpenMP_FLAG_DETECTED succeeded with the following output:
Change Dir: /users/invites/facchinetti/Documents/Stage/BMW/bin/CMakeFiles/CMakeTmp

Run Build Command:"/usr/bin/gmake" "cmTC_a11c3/fast"
/usr/bin/gmake -f CMakeFiles/cmTC_a11c3.dir/build.make CMakeFiles/cmTC_a11c3.dir/build
gmake[1] : on entre dans le répertoire « /users/invites/facchinetti/Documents/Stage/BMW/bin/CMakeFiles/CMakeTmp »
Building CXX object CMakeFiles/cmTC_a11c3.dir/src.cxx.o
/usr/lib64/ccache/c++     -DOpenMP_FLAG_DETECTED -fopenmp   -o CMakeFiles/cmTC_a11c3.dir/src.cxx.o -c /users/invites/facchinetti/Documents/Stage/BMW/bin/CMakeFiles/CMakeTmp/src.cxx
Linking CXX executable cmTC_a11c3
/usr/bin/cmake -E cmake_link_script CMakeFiles/cmTC_a11c3.dir/link.txt --verbose=1
/usr/lib64/ccache/c++    -DOpenMP_FLAG_DETECTED -fopenmp    CMakeFiles/cmTC_a11c3.dir/src.cxx.o  -o cmTC_a11c3 -rdynamic 
gmake[1] : on quitte le répertoire « /users/invites/facchinetti/Documents/Stage/BMW/bin/CMakeFiles/CMakeTmp »

Source file was:

#include <omp.h>
int main() {
#ifdef _OPENMP
  return 0;
#else
  breaks_on_purpose
#endif
}

